File =  H2O-1.00_Eq_DUCC3_10-electrons_16-Orbitals.out.yaml
Orbitals =  16
Frozen Orbitals =  0
Correlated Orbitals =  16
Electrons =  10
Correlated Electrons =  10

Repulsion Energy = 9.009284636125
SCF Energy = -76.321697964975
Core Energy = 0.000000000000
New Repulsion Energy = 9.009284636125

New orbital energies after downfolding
~~~~~~~~~~~~~~~~~~~~~~~~~~~~~~~~~~~~~~
-20.546497
-1.372874
-0.769901
-0.621871
-0.559398
0.119164
0.171459
0.456200
0.461758
0.493487
0.594332
0.617828
0.622859
0.646819
0.737203
0.857260


******** <class 'pyscf.cc.ccsd.CCSD'> ********
CC2 = 0
CCSD nocc = 5, nmo = 16
max_cycle = 50
direct = 0
conv_tol = 1e-07
conv_tol_normt = 1e-05
diis_space = 6
diis_start_cycle = 0
diis_start_energy_diff = 100
max_memory 4000 MB (current use 336 MB)
Init t2, MP2 energy = -85.3866042293692  E_corr(MP2) -0.0556216282691302
Init E_corr(CCSD) = -0.0564520068431811
cycle = 1  E_corr(CCSD) = -0.0569148255527644  dE = -0.00046281871  norm(t1,t2) = 0.0313374
cycle = 2  E_corr(CCSD) = -0.0589283353535184  dE = -0.0020135098  norm(t1,t2) = 0.00609418
cycle = 3  E_corr(CCSD) = -0.0592158705800756  dE = -0.000287535227  norm(t1,t2) = 0.00211742
cycle = 4  E_corr(CCSD) = -0.0593312656217796  dE = -0.000115395042  norm(t1,t2) = 0.000454695
cycle = 5  E_corr(CCSD) = -0.0593294229098191  dE = 1.84271196e-06  norm(t1,t2) = 0.000133455
cycle = 6  E_corr(CCSD) = -0.0593282175217891  dE = 1.20538803e-06  norm(t1,t2) = 2.6444e-05
cycle = 7  E_corr(CCSD) = -0.0593280633226638  dE = 1.54199125e-07  norm(t1,t2) = 8.99649e-06
cycle = 8  E_corr(CCSD) = -0.0593280518962473  dE = 1.14264165e-08  norm(t1,t2) = 1.23529e-06
CCSD converged
E(CCSD) = -85.39031065299626  E_corr = -0.05932805189624726
CCSD correlation energy = -0.0593280518962473
CCSD total energy = -76.3810260168709
NEED TO ADJUST FOR FROZEN CORE
