File =  H2O-1.00_Eq_DUCC2_10-electrons_11-Orbitals.out.yaml
Orbitals =  11
Frozen Orbitals =  0
Correlated Orbitals =  11
Electrons =  10
Correlated Electrons =  10

Repulsion Energy = 9.009284636125
SCF Energy = -76.340459838075
Core Energy = 0.000000000000
New Repulsion Energy = 9.009284636125

New orbital energies after downfolding
~~~~~~~~~~~~~~~~~~~~~~~~~~~~~~~~~~~~~~
-20.542115
-1.373689
-0.779400
-0.627466
-0.564325
0.120694
0.173082
0.458197
0.463560
0.497068
0.599724


******** <class 'pyscf.cc.ccsd.CCSD'> ********
CC2 = 0
CCSD nocc = 5, nmo = 11
max_cycle = 50
direct = 0
conv_tol = 1e-07
conv_tol_normt = 1e-05
diis_space = 6
diis_start_cycle = 0
diis_start_energy_diff = 100
max_memory 4000 MB (current use 150 MB)
Init t2, MP2 energy = -85.3732772998629  E_corr(MP2) -0.0235328256628876
Init E_corr(CCSD) = -0.0237814110946228
cycle = 1  E_corr(CCSD) = -0.0255418092380267  dE = -0.00176039814  norm(t1,t2) = 0.0188608
cycle = 2  E_corr(CCSD) = -0.0263567855387969  dE = -0.000814976301  norm(t1,t2) = 0.00468958
cycle = 3  E_corr(CCSD) = -0.0266124660759117  dE = -0.000255680537  norm(t1,t2) = 0.00148978
cycle = 4  E_corr(CCSD) = -0.0266205438509832  dE = -8.07777507e-06  norm(t1,t2) = 0.000207668
cycle = 5  E_corr(CCSD) = -0.0266177746814446  dE = 2.76916954e-06  norm(t1,t2) = 7.88284e-05
cycle = 6  E_corr(CCSD) = -0.0266179719249062  dE = -1.97243462e-07  norm(t1,t2) = 9.29865e-06
cycle = 7  E_corr(CCSD) = -0.0266179487454635  dE = 2.31794427e-08  norm(t1,t2) = 1.37972e-06
CCSD converged
E(CCSD) = -85.37636242294548  E_corr = -0.02661794874546346
CCSD correlation energy = -0.0266179487454635
CCSD total energy = -76.3670777868202
NEED TO ADJUST FOR FROZEN CORE
