File =  H2O-2.00_Eq_Bare_10-electrons_14-Orbitals.out.yaml
Orbitals =  14
Frozen Orbitals =  0
Correlated Orbitals =  14
Electrons =  10
Correlated Electrons =  10

Repulsion Energy = 6.723836887641
SCF Energy = -75.836618343059
Core Energy = 0.000000000000
New Repulsion Energy = 6.723836887641

New orbital energies after downfolding
~~~~~~~~~~~~~~~~~~~~~~~~~~~~~~~~~~~~~~
-20.606921
-1.277321
-0.629677
-0.506311
-0.429460
-0.034905
0.146191
0.290565
0.441367
0.507977
0.512580
0.591821
0.635576
0.665467


******** <class 'pyscf.cc.ccsd.CCSD'> ********
CC2 = 0
CCSD nocc = 5, nmo = 14
max_cycle = 50
direct = 0
conv_tol = 1e-07
conv_tol_normt = 1e-05
diis_space = 6
diis_start_cycle = 0
diis_start_energy_diff = 100
max_memory 4000 MB (current use 242 MB)
Init t2, MP2 energy = -82.6655942596587  E_corr(MP2) -0.105139028958658
Init E_corr(CCSD) = -0.105139028958658
cycle = 1  E_corr(CCSD) = -0.114947173985709  dE = -0.00980814503  norm(t1,t2) = 0.101156
cycle = 2  E_corr(CCSD) = -0.12579807035847  dE = -0.0108508964  norm(t1,t2) = 0.058939
cycle = 3  E_corr(CCSD) = -0.132817887793044  dE = -0.00701981743  norm(t1,t2) = 0.0340091
cycle = 4  E_corr(CCSD) = -0.136345502159579  dE = -0.00352761437  norm(t1,t2) = 0.0127373
cycle = 5  E_corr(CCSD) = -0.136027098773062  dE = 0.000318403387  norm(t1,t2) = 0.00375026
cycle = 6  E_corr(CCSD) = -0.136280931853676  dE = -0.000253833081  norm(t1,t2) = 0.0017562
cycle = 7  E_corr(CCSD) = -0.136214042261429  dE = 6.68895922e-05  norm(t1,t2) = 0.000632771
cycle = 8  E_corr(CCSD) = -0.136196059384064  dE = 1.79828774e-05  norm(t1,t2) = 0.000144072
cycle = 9  E_corr(CCSD) = -0.136198354166686  dE = -2.29478262e-06  norm(t1,t2) = 4.0388e-05
cycle = 10  E_corr(CCSD) = -0.136200949910501  dE = -2.59574381e-06  norm(t1,t2) = 1.54504e-05
cycle = 11  E_corr(CCSD) = -0.136200931080934  dE = 1.88295669e-08  norm(t1,t2) = 2.37336e-06
CCSD converged
E(CCSD) = -82.69665616178094  E_corr = -0.1362009310809342
CCSD correlation energy = -0.136200931080934
CCSD total energy = -75.9728192741396
NEED TO ADJUST FOR FROZEN CORE
