File =  H2O-1.00_Eq_DUCC2_10-electrons_16-Orbitals.out.yaml
Orbitals =  16
Frozen Orbitals =  0
Correlated Orbitals =  16
Electrons =  10
Correlated Electrons =  10

Repulsion Energy = 9.009284636125
SCF Energy = -76.307767394575
Core Energy = 0.000000000000
New Repulsion Energy = 9.009284636125

New orbital energies after downfolding
~~~~~~~~~~~~~~~~~~~~~~~~~~~~~~~~~~~~~~
-20.541141
-1.368408
-0.767521
-0.619479
-0.557295
0.119197
0.171517
0.456388
0.461986
0.494138
0.595602
0.618710
0.623243
0.647082
0.737582
0.858318


******** <class 'pyscf.cc.ccsd.CCSD'> ********
CC2 = 0
CCSD nocc = 5, nmo = 16
max_cycle = 50
direct = 0
conv_tol = 1e-07
conv_tol_normt = 1e-05
diis_space = 6
diis_start_cycle = 0
diis_start_energy_diff = 100
max_memory 4000 MB (current use 336 MB)
Init t2, MP2 energy = -85.3732986408458  E_corr(MP2) -0.0562466101457563
Init E_corr(CCSD) = -0.0571111944993469
cycle = 1  E_corr(CCSD) = -0.0575187424163815  dE = -0.000407547917  norm(t1,t2) = 0.0317233
cycle = 2  E_corr(CCSD) = -0.0595743039270965  dE = -0.00205556151  norm(t1,t2) = 0.00614415
cycle = 3  E_corr(CCSD) = -0.0598548684776454  dE = -0.000280564551  norm(t1,t2) = 0.00213695
cycle = 4  E_corr(CCSD) = -0.0599763785632759  dE = -0.000121510086  norm(t1,t2) = 0.000469085
cycle = 5  E_corr(CCSD) = -0.0599746357969176  dE = 1.74276636e-06  norm(t1,t2) = 0.000134336
cycle = 6  E_corr(CCSD) = -0.0599733831701805  dE = 1.25262674e-06  norm(t1,t2) = 2.69952e-05
cycle = 7  E_corr(CCSD) = -0.0599732210888921  dE = 1.62081288e-07  norm(t1,t2) = 9.36359e-06
cycle = 8  E_corr(CCSD) = -0.0599732101563885  dE = 1.09325036e-08  norm(t1,t2) = 1.28505e-06
CCSD converged
E(CCSD) = -85.3770252408564  E_corr = -0.05997321015638853
CCSD correlation energy = -0.0599732101563885
CCSD total energy = -76.3677406047311
NEED TO ADJUST FOR FROZEN CORE
