File =  H2O-1.25_Eq_Bare_10-electrons_14-Orbitals.out.yaml
Orbitals =  14
Frozen Orbitals =  0
Correlated Orbitals =  14
Electrons =  10
Correlated Electrons =  10

Repulsion Energy = 8.103826433932
SCF Energy = -76.012913033768
Core Energy = 0.000000000000
New Repulsion Energy = 8.103826433932

New orbital energies after downfolding
~~~~~~~~~~~~~~~~~~~~~~~~~~~~~~~~~~~~~~
-20.575917
-1.295474
-0.660343
-0.538827
-0.497915
0.095123
0.160420
0.372305
0.453106
0.499997
0.568778
0.606134
0.614777
0.639517


******** <class 'pyscf.cc.ccsd.CCSD'> ********
CC2 = 0
CCSD nocc = 5, nmo = 14
max_cycle = 50
direct = 0
conv_tol = 1e-07
conv_tol_normt = 1e-05
diis_space = 6
diis_start_cycle = 0
diis_start_energy_diff = 100
max_memory 4000 MB (current use 242 MB)
Init t2, MP2 energy = -84.1805657060496  E_corr(MP2) -0.0638262383496385
Init E_corr(CCSD) = -0.0638262383496385
cycle = 1  E_corr(CCSD) = -0.0663900705193629  dE = -0.00256383217  norm(t1,t2) = 0.0397243
cycle = 2  E_corr(CCSD) = -0.0692490489775264  dE = -0.00285897846  norm(t1,t2) = 0.0106567
cycle = 3  E_corr(CCSD) = -0.0698885391910643  dE = -0.000639490214  norm(t1,t2) = 0.00493519
cycle = 4  E_corr(CCSD) = -0.0701668742946316  dE = -0.000278335104  norm(t1,t2) = 0.00164277
cycle = 5  E_corr(CCSD) = -0.0701427010903839  dE = 2.41732042e-05  norm(t1,t2) = 0.000623159
cycle = 6  E_corr(CCSD) = -0.0701371409834279  dE = 5.56010696e-06  norm(t1,t2) = 0.0001138
cycle = 7  E_corr(CCSD) = -0.0701366826718511  dE = 4.58311577e-07  norm(t1,t2) = 3.62541e-05
cycle = 8  E_corr(CCSD) = -0.0701366964395536  dE = -1.37677025e-08  norm(t1,t2) = 8.82841e-06
CCSD converged
E(CCSD) = -84.18687616413955  E_corr = -0.07013669643955357
CCSD correlation energy = -0.0701366964395536
CCSD total energy = -76.0830497302075
NEED TO ADJUST FOR FROZEN CORE
